<?xml version="1.0" encoding="UTF-8"?>
<testng-results skipped="0" failed="0" total="1" passed="1">
  <reporter-output>
  </reporter-output>
  <suite name="Default suite" duration-ms="54" started-at="2022-03-10T09:49:29Z" finished-at="2022-03-10T09:49:29Z">
    <groups>
    </groups>
    <test name="Default test" duration-ms="54" started-at="2022-03-10T09:49:29Z" finished-at="2022-03-10T09:49:29Z">
      <class name="demoGit.Demo">
        <test-method status="PASS" signature="demo()[pri:0, instance:demoGit.Demo@4de8b406]" name="demo" duration-ms="16" started-at="2022-03-10T15:19:29Z" finished-at="2022-03-10T15:19:29Z">
          <reporter-output>
          </reporter-output>
        </test-method> <!-- demo -->
      </class> <!-- demoGit.Demo -->
    </test> <!-- Default test -->
  </suite> <!-- Default suite -->
</testng-results>
